app/build/intermediates/manifest_merge_blame_file/debug/manifest-merger-blame-debug-report.txt
1<?xml version="1.0" encoding="utf-8"?>
2<manifest xmlns:android="http://schemas.android.com/apk/res/android"
3    package="com.example.appbanhangandroidjava"
4    android:versionCode="1"
5    android:versionName="1.0" >
6
7    <uses-sdk
8        android:minSdkVersion="24"
8-->src\main\AndroidManifest.xml
9        android:targetSdkVersion="33" />
9-->src\main\AndroidManifest.xml
10
11    <uses-permission android:name="android.permission.INTERNET" />
11-->src\main\AndroidManifest.xml:5:5-67
11-->src\main\AndroidManifest.xml:5:22-64
12    <uses-permission android:name="android.permission.ACCESS_NETWORK_STATE" />
12-->src\main\AndroidManifest.xml:6:5-79
12-->src\main\AndroidManifest.xml:6:22-76
13
14    <queries>
14-->[com.github.dhaval2404:imagepicker:2.1] AndroidManifest.xml:9:5-19:15
15
16        <!-- Query Camera Packages -->
17        <intent>
17-->[com.github.dhaval2404:imagepicker:2.1] AndroidManifest.xml:12:9-14:18
18            <action android:name="android.media.action.IMAGE_CAPTURE" />
18-->[com.github.dhaval2404:imagepicker:2.1] AndroidManifest.xml:13:13-73
18-->[com.github.dhaval2404:imagepicker:2.1] AndroidManifest.xml:13:21-70
19        </intent>
20        <!-- Query Open Document -->
21        <intent>
21-->[com.github.dhaval2404:imagepicker:2.1] AndroidManifest.xml:16:9-18:18
22            <action android:name="android.intent.action.OPEN_DOCUMENT_TREE" />
22-->[com.github.dhaval2404:imagepicker:2.1] AndroidManifest.xml:17:13-79
22-->[com.github.dhaval2404:imagepicker:2.1] AndroidManifest.xml:17:21-76
23        </intent>
24    </queries>
25
26    <uses-permission android:name="android.permission.POST_NOTIFICATIONS" />
26-->[com.google.firebase:firebase-messaging:23.2.1] AndroidManifest.xml:23:5-77
26-->[com.google.firebase:firebase-messaging:23.2.1] AndroidManifest.xml:23:22-74
27    <uses-permission android:name="android.permission.WAKE_LOCK" /> <!-- Required by older versions of Google Play services to create IID tokens -->
27-->[com.google.firebase:firebase-messaging:23.2.1] AndroidManifest.xml:24:5-68
27-->[com.google.firebase:firebase-messaging:23.2.1] AndroidManifest.xml:24:22-65
28    <uses-permission android:name="com.google.android.c2dm.permission.RECEIVE" />
28-->[com.google.firebase:firebase-messaging:23.2.1] AndroidManifest.xml:26:5-82
28-->[com.google.firebase:firebase-messaging:23.2.1] AndroidManifest.xml:26:22-79
29
30    <permission
30-->[androidx.core:core:1.9.0] AndroidManifest.xml:22:5-24:47
31        android:name="com.example.appbanhangandroidjava.DYNAMIC_RECEIVER_NOT_EXPORTED_PERMISSION"
31-->[androidx.core:core:1.9.0] AndroidManifest.xml:23:9-81
32        android:protectionLevel="signature" />
32-->[androidx.core:core:1.9.0] AndroidManifest.xml:24:9-44
33
34    <uses-permission android:name="com.example.appbanhangandroidjava.DYNAMIC_RECEIVER_NOT_EXPORTED_PERMISSION" />
34-->[androidx.core:core:1.9.0] AndroidManifest.xml:26:5-97
34-->[androidx.core:core:1.9.0] AndroidManifest.xml:26:22-94
35
36    <application
36-->src\main\AndroidManifest.xml:8:5-71:19
37        android:allowBackup="true"
37-->src\main\AndroidManifest.xml:9:9-35
38        android:appComponentFactory="androidx.core.app.CoreComponentFactory"
38-->[androidx.core:core:1.9.0] AndroidManifest.xml:28:18-86
39        android:dataExtractionRules="@xml/data_extraction_rules"
39-->src\main\AndroidManifest.xml:10:9-65
40        android:debuggable="true"
41        android:extractNativeLibs="false"
42        android:fullBackupContent="@xml/backup_rules"
42-->src\main\AndroidManifest.xml:11:9-54
43        android:icon="@mipmap/ic_launcher"
43-->src\main\AndroidManifest.xml:12:9-43
44        android:label="@string/app_name"
44-->src\main\AndroidManifest.xml:13:9-41
45        android:supportsRtl="true"
45-->src\main\AndroidManifest.xml:14:9-35
46        android:testOnly="true"
47        android:theme="@style/Theme.AppBanHangAndroidJava"
47-->src\main\AndroidManifest.xml:15:9-59
48        android:usesCleartextTraffic="true" >
48-->src\main\AndroidManifest.xml:16:9-44
49        <activity
49-->src\main\AndroidManifest.xml:18:9-20:40
50            android:name="com.example.appbanhangandroidjava.SplashActivity"
50-->src\main\AndroidManifest.xml:19:13-43
51            android:exported="false" />
51-->src\main\AndroidManifest.xml:20:13-37
52        <activity
52-->src\main\AndroidManifest.xml:21:9-23:48
53            android:name="com.example.appbanhangandroidjava.Screens.AddProductActivity"
53-->src\main\AndroidManifest.xml:22:13-55
54            android:exported="true" />
54-->src\main\AndroidManifest.xml:23:13-36
55        <activity
55-->src\main\AndroidManifest.xml:24:9-26:40
56            android:name="com.example.appbanhangandroidjava.Screens.AdminActivity"
56-->src\main\AndroidManifest.xml:25:13-50
57            android:exported="false" />
57-->src\main\AndroidManifest.xml:26:13-37
58        <activity
58-->src\main\AndroidManifest.xml:27:9-29:40
59            android:name="com.example.appbanhangandroidjava.Screens.SearchActivity"
59-->src\main\AndroidManifest.xml:28:13-51
60            android:exported="false" />
60-->src\main\AndroidManifest.xml:29:13-37
61        <activity
61-->src\main\AndroidManifest.xml:30:9-32:40
62            android:name="com.example.appbanhangandroidjava.Screens.ViewHistoryActivity"
62-->src\main\AndroidManifest.xml:31:13-56
63            android:exported="false" />
63-->src\main\AndroidManifest.xml:32:13-37
64        <activity
64-->src\main\AndroidManifest.xml:33:9-35:40
65            android:name="com.example.appbanhangandroidjava.Screens.PayImmediatelyActivity"
65-->src\main\AndroidManifest.xml:34:13-59
66            android:exported="false" />
66-->src\main\AndroidManifest.xml:35:13-37
67        <activity
67-->src\main\AndroidManifest.xml:36:9-44:20
68            android:name="com.example.appbanhangandroidjava.Screens.SiginActivity"
68-->src\main\AndroidManifest.xml:37:13-50
69            android:exported="true" >
69-->src\main\AndroidManifest.xml:38:13-36
70            <intent-filter>
70-->src\main\AndroidManifest.xml:39:13-43:29
71                <action android:name="android.intent.action.MAIN" />
71-->src\main\AndroidManifest.xml:40:17-69
71-->src\main\AndroidManifest.xml:40:25-66
72
73                <category android:name="android.intent.category.LAUNCHER" />
73-->src\main\AndroidManifest.xml:42:17-77
73-->src\main\AndroidManifest.xml:42:27-74
74            </intent-filter>
75        </activity>
76        <activity
76-->src\main\AndroidManifest.xml:45:9-47:48
77            android:name="com.example.appbanhangandroidjava.Screens.RigisterActivity"
77-->src\main\AndroidManifest.xml:46:13-53
78            android:exported="true" />
78-->src\main\AndroidManifest.xml:47:13-36
79        <activity
79-->src\main\AndroidManifest.xml:48:9-50:40
80            android:name="com.example.appbanhangandroidjava.Screens.CartActivity"
80-->src\main\AndroidManifest.xml:49:13-49
81            android:exported="false" />
81-->src\main\AndroidManifest.xml:50:13-37
82        <activity
82-->src\main\AndroidManifest.xml:51:9-53:40
83            android:name="com.example.appbanhangandroidjava.Screens.LapTopActivity"
83-->src\main\AndroidManifest.xml:52:13-51
84            android:exported="false" />
84-->src\main\AndroidManifest.xml:53:13-37
85        <activity
85-->src\main\AndroidManifest.xml:54:9-56:40
86            android:name="com.example.appbanhangandroidjava.Screens.DetailsProductActivity"
86-->src\main\AndroidManifest.xml:55:13-59
87            android:exported="false" />
87-->src\main\AndroidManifest.xml:56:13-37
88        <activity
88-->src\main\AndroidManifest.xml:57:9-59:40
89            android:name="com.example.appbanhangandroidjava.Screens.PhoneActivity"
89-->src\main\AndroidManifest.xml:58:13-50
90            android:exported="false" />
90-->src\main\AndroidManifest.xml:59:13-37
91        <activity
91-->src\main\AndroidManifest.xml:60:9-62:39
92            android:name="com.example.appbanhangandroidjava.MainActivity"
92-->src\main\AndroidManifest.xml:61:13-41
93            android:exported="true" />
93-->src\main\AndroidManifest.xml:62:13-36
94
95        <service
95-->src\main\AndroidManifest.xml:64:9-70:19
96            android:name="com.example.appbanhangandroidjava.service.FirebaseMessagerReceiver"
96-->src\main\AndroidManifest.xml:65:13-61
97            android:exported="true" >
97-->src\main\AndroidManifest.xml:66:13-36
98            <intent-filter>
98-->src\main\AndroidManifest.xml:67:13-69:29
99                <action android:name="com.google.firebase.MESSAGING_EVENT" />
99-->src\main\AndroidManifest.xml:68:17-78
99-->src\main\AndroidManifest.xml:68:25-75
100            </intent-filter>
101        </service>
102
103        <activity
103-->[com.github.dhaval2404:imagepicker:2.1] AndroidManifest.xml:22:9-25:68
104            android:name="com.github.dhaval2404.imagepicker.ImagePickerActivity"
104-->[com.github.dhaval2404:imagepicker:2.1] AndroidManifest.xml:23:13-81
105            android:screenOrientation="unspecified"
105-->[com.github.dhaval2404:imagepicker:2.1] AndroidManifest.xml:24:13-52
106            android:theme="@style/Theme.Transparent.ImagePicker" />
106-->[com.github.dhaval2404:imagepicker:2.1] AndroidManifest.xml:25:13-65
107        <activity
107-->[com.github.dhaval2404:imagepicker:2.1] AndroidManifest.xml:26:9-29:72
108            android:name="com.yalantis.ucrop.UCropActivity"
108-->[com.github.dhaval2404:imagepicker:2.1] AndroidManifest.xml:27:13-60
109            android:screenOrientation="portrait"
109-->[com.github.dhaval2404:imagepicker:2.1] AndroidManifest.xml:28:13-49
110            android:theme="@style/Theme.AppCompat.Light.NoActionBar" />
110-->[com.github.dhaval2404:imagepicker:2.1] AndroidManifest.xml:29:13-69
111
112        <provider
112-->[com.github.dhaval2404:imagepicker:2.1] AndroidManifest.xml:31:9-39:20
113            android:name="com.github.dhaval2404.imagepicker.ImagePickerFileProvider"
113-->[com.github.dhaval2404:imagepicker:2.1] AndroidManifest.xml:32:13-85
114            android:authorities="com.example.appbanhangandroidjava.imagepicker.provider"
114-->[com.github.dhaval2404:imagepicker:2.1] AndroidManifest.xml:33:13-72
115            android:exported="false"
115-->[com.github.dhaval2404:imagepicker:2.1] AndroidManifest.xml:34:13-37
116            android:grantUriPermissions="true" >
116-->[com.github.dhaval2404:imagepicker:2.1] AndroidManifest.xml:35:13-47
117            <meta-data
117-->[com.github.dhaval2404:imagepicker:2.1] AndroidManifest.xml:36:13-38:71
118                android:name="android.support.FILE_PROVIDER_PATHS"
118-->[com.github.dhaval2404:imagepicker:2.1] AndroidManifest.xml:37:17-67
119                android:resource="@xml/image_picker_provider_paths" />
119-->[com.github.dhaval2404:imagepicker:2.1] AndroidManifest.xml:38:17-68
120        </provider>
121
122        <activity
122-->[com.google.firebase:firebase-auth:21.0.3] AndroidManifest.xml:27:9-44:20
123            android:name="com.google.firebase.auth.internal.GenericIdpActivity"
123-->[com.google.firebase:firebase-auth:21.0.3] AndroidManifest.xml:28:13-80
124            android:excludeFromRecents="true"
124-->[com.google.firebase:firebase-auth:21.0.3] AndroidManifest.xml:29:13-46
125            android:exported="true"
125-->[com.google.firebase:firebase-auth:21.0.3] AndroidManifest.xml:30:13-36
126            android:launchMode="singleTask"
126-->[com.google.firebase:firebase-auth:21.0.3] AndroidManifest.xml:31:13-44
127            android:theme="@android:style/Theme.Translucent.NoTitleBar" >
127-->[com.google.firebase:firebase-auth:21.0.3] AndroidManifest.xml:32:13-72
128            <intent-filter>
128-->[com.google.firebase:firebase-auth:21.0.3] AndroidManifest.xml:33:13-43:29
129                <action android:name="android.intent.action.VIEW" />
129-->[com.google.firebase:firebase-auth:21.0.3] AndroidManifest.xml:34:17-69
129-->[com.google.firebase:firebase-auth:21.0.3] AndroidManifest.xml:34:25-66
130
131                <category android:name="android.intent.category.DEFAULT" />
131-->[com.google.firebase:firebase-auth:21.0.3] AndroidManifest.xml:36:17-76
131-->[com.google.firebase:firebase-auth:21.0.3] AndroidManifest.xml:36:27-73
132                <category android:name="android.intent.category.BROWSABLE" />
132-->[com.google.firebase:firebase-auth:21.0.3] AndroidManifest.xml:37:17-78
132-->[com.google.firebase:firebase-auth:21.0.3] AndroidManifest.xml:37:27-75
133
134                <data
134-->[com.google.firebase:firebase-auth:21.0.3] AndroidManifest.xml:39:17-42:51
135                    android:host="firebase.auth"
135-->[com.google.firebase:firebase-auth:21.0.3] AndroidManifest.xml:40:21-49
136                    android:path="/"
136-->[com.google.firebase:firebase-auth:21.0.3] AndroidManifest.xml:41:21-37
137                    android:scheme="genericidp" />
137-->[com.google.firebase:firebase-auth:21.0.3] AndroidManifest.xml:42:21-48
138            </intent-filter>
139        </activity>
140        <activity
140-->[com.google.firebase:firebase-auth:21.0.3] AndroidManifest.xml:45:9-62:20
141            android:name="com.google.firebase.auth.internal.RecaptchaActivity"
141-->[com.google.firebase:firebase-auth:21.0.3] AndroidManifest.xml:46:13-79
142            android:excludeFromRecents="true"
142-->[com.google.firebase:firebase-auth:21.0.3] AndroidManifest.xml:47:13-46
143            android:exported="true"
143-->[com.google.firebase:firebase-auth:21.0.3] AndroidManifest.xml:48:13-36
144            android:launchMode="singleTask"
144-->[com.google.firebase:firebase-auth:21.0.3] AndroidManifest.xml:49:13-44
145            android:theme="@android:style/Theme.Translucent.NoTitleBar" >
145-->[com.google.firebase:firebase-auth:21.0.3] AndroidManifest.xml:50:13-72
146            <intent-filter>
146-->[com.google.firebase:firebase-auth:21.0.3] AndroidManifest.xml:51:13-61:29
147                <action android:name="android.intent.action.VIEW" />
147-->[com.google.firebase:firebase-auth:21.0.3] AndroidManifest.xml:34:17-69
147-->[com.google.firebase:firebase-auth:21.0.3] AndroidManifest.xml:34:25-66
148
149                <category android:name="android.intent.category.DEFAULT" />
149-->[com.google.firebase:firebase-auth:21.0.3] AndroidManifest.xml:36:17-76
149-->[com.google.firebase:firebase-auth:21.0.3] AndroidManifest.xml:36:27-73
150                <category android:name="android.intent.category.BROWSABLE" />
150-->[com.google.firebase:firebase-auth:21.0.3] AndroidManifest.xml:37:17-78
150-->[com.google.firebase:firebase-auth:21.0.3] AndroidManifest.xml:37:27-75
151
152                <data
152-->[com.google.firebase:firebase-auth:21.0.3] AndroidManifest.xml:39:17-42:51
153                    android:host="firebase.auth"
153-->[com.google.firebase:firebase-auth:21.0.3] AndroidManifest.xml:40:21-49
154                    android:path="/"
154-->[com.google.firebase:firebase-auth:21.0.3] AndroidManifest.xml:41:21-37
155                    android:scheme="recaptcha" />
155-->[com.google.firebase:firebase-auth:21.0.3] AndroidManifest.xml:42:21-48
156            </intent-filter>
157        </activity>
158
159        <service
159-->[com.google.firebase:firebase-auth:21.0.3] AndroidManifest.xml:64:9-70:19
160            android:name="com.google.firebase.components.ComponentDiscoveryService"
160-->[com.google.firebase:firebase-auth:21.0.3] AndroidManifest.xml:65:13-84
161            android:directBootAware="true"
161-->[com.google.firebase:firebase-common:20.3.1] AndroidManifest.xml:34:13-43
162            android:exported="false" >
162-->[com.google.firebase:firebase-auth:21.0.3] AndroidManifest.xml:66:13-37
163            <meta-data
163-->[com.google.firebase:firebase-auth:21.0.3] AndroidManifest.xml:67:13-69:85
164                android:name="com.google.firebase.components:com.google.firebase.auth.FirebaseAuthRegistrar"
164-->[com.google.firebase:firebase-auth:21.0.3] AndroidManifest.xml:68:17-109
165                android:value="com.google.firebase.components.ComponentRegistrar" />
165-->[com.google.firebase:firebase-auth:21.0.3] AndroidManifest.xml:69:17-82
166            <meta-data
166-->[com.google.firebase:firebase-messaging-ktx:23.2.1] AndroidManifest.xml:26:13-28:85
167                android:name="com.google.firebase.components:com.google.firebase.messaging.ktx.FirebaseMessagingKtxRegistrar"
167-->[com.google.firebase:firebase-messaging-ktx:23.2.1] AndroidManifest.xml:27:17-126
168                android:value="com.google.firebase.components.ComponentRegistrar" />
168-->[com.google.firebase:firebase-messaging-ktx:23.2.1] AndroidManifest.xml:28:17-82
169            <meta-data
169-->[com.google.firebase:firebase-common-ktx:20.3.1] AndroidManifest.xml:14:13-16:85
170                android:name="com.google.firebase.components:com.google.firebase.ktx.FirebaseCommonKtxRegistrar"
170-->[com.google.firebase:firebase-common-ktx:20.3.1] AndroidManifest.xml:15:17-113
171                android:value="com.google.firebase.components.ComponentRegistrar" />
171-->[com.google.firebase:firebase-common-ktx:20.3.1] AndroidManifest.xml:16:17-82
172            <meta-data
172-->[com.google.firebase:firebase-messaging:23.2.1] AndroidManifest.xml:53:13-55:85
173                android:name="com.google.firebase.components:com.google.firebase.messaging.FirebaseMessagingRegistrar"
173-->[com.google.firebase:firebase-messaging:23.2.1] AndroidManifest.xml:54:17-119
174                android:value="com.google.firebase.components.ComponentRegistrar" />
174-->[com.google.firebase:firebase-messaging:23.2.1] AndroidManifest.xml:55:17-82
175            <meta-data
175-->[com.google.firebase:firebase-datatransport:18.1.7] AndroidManifest.xml:27:13-29:85
176                android:name="com.google.firebase.components:com.google.firebase.datatransport.TransportRegistrar"
176-->[com.google.firebase:firebase-datatransport:18.1.7] AndroidManifest.xml:28:17-115
177                android:value="com.google.firebase.components.ComponentRegistrar" />
177-->[com.google.firebase:firebase-datatransport:18.1.7] AndroidManifest.xml:29:17-82
178            <meta-data
178-->[com.google.firebase:firebase-installations:17.1.3] AndroidManifest.xml:17:13-19:85
179                android:name="com.google.firebase.components:com.google.firebase.installations.FirebaseInstallationsRegistrar"
179-->[com.google.firebase:firebase-installations:17.1.3] AndroidManifest.xml:18:17-127
180                android:value="com.google.firebase.components.ComponentRegistrar" />
180-->[com.google.firebase:firebase-installations:17.1.3] AndroidManifest.xml:19:17-82
181        </service>
182
183        <receiver
183-->[com.google.firebase:firebase-messaging:23.2.1] AndroidManifest.xml:29:9-36:20
184            android:name="com.google.firebase.iid.FirebaseInstanceIdReceiver"
184-->[com.google.firebase:firebase-messaging:23.2.1] AndroidManifest.xml:30:13-78
185            android:exported="true"
185-->[com.google.firebase:firebase-messaging:23.2.1] AndroidManifest.xml:31:13-36
186            android:permission="com.google.android.c2dm.permission.SEND" >
186-->[com.google.firebase:firebase-messaging:23.2.1] AndroidManifest.xml:32:13-73
187            <intent-filter>
187-->[com.google.firebase:firebase-messaging:23.2.1] AndroidManifest.xml:33:13-35:29
188                <action android:name="com.google.android.c2dm.intent.RECEIVE" />
188-->[com.google.firebase:firebase-messaging:23.2.1] AndroidManifest.xml:34:17-81
188-->[com.google.firebase:firebase-messaging:23.2.1] AndroidManifest.xml:34:25-78
189            </intent-filter>
190        </receiver>
191        <!--
192             FirebaseMessagingService performs security checks at runtime,
193             but set to not exported to explicitly avoid allowing another app to call it.
194        -->
195        <service
195-->[com.google.firebase:firebase-messaging:23.2.1] AndroidManifest.xml:42:9-49:19
196            android:name="com.google.firebase.messaging.FirebaseMessagingService"
196-->[com.google.firebase:firebase-messaging:23.2.1] AndroidManifest.xml:43:13-82
197            android:directBootAware="true"
197-->[com.google.firebase:firebase-messaging:23.2.1] AndroidManifest.xml:44:13-43
198            android:exported="false" >
198-->[com.google.firebase:firebase-messaging:23.2.1] AndroidManifest.xml:45:13-37
199            <intent-filter android:priority="-500" >
199-->src\main\AndroidManifest.xml:67:13-69:29
200                <action android:name="com.google.firebase.MESSAGING_EVENT" />
200-->src\main\AndroidManifest.xml:68:17-78
200-->src\main\AndroidManifest.xml:68:25-75
201            </intent-filter>
202        </service>
203
204        <provider
204-->[com.google.firebase:firebase-common:20.3.1] AndroidManifest.xml:25:9-30:39
205            android:name="com.google.firebase.provider.FirebaseInitProvider"
205-->[com.google.firebase:firebase-common:20.3.1] AndroidManifest.xml:26:13-77
206            android:authorities="com.example.appbanhangandroidjava.firebaseinitprovider"
206-->[com.google.firebase:firebase-common:20.3.1] AndroidManifest.xml:27:13-72
207            android:directBootAware="true"
207-->[com.google.firebase:firebase-common:20.3.1] AndroidManifest.xml:28:13-43
208            android:exported="false"
208-->[com.google.firebase:firebase-common:20.3.1] AndroidManifest.xml:29:13-37
209            android:initOrder="100" />
209-->[com.google.firebase:firebase-common:20.3.1] AndroidManifest.xml:30:13-36
210
211        <activity
211-->[com.google.android.gms:play-services-base:18.0.1] AndroidManifest.xml:20:9-22:45
212            android:name="com.google.android.gms.common.api.GoogleApiActivity"
212-->[com.google.android.gms:play-services-base:18.0.1] AndroidManifest.xml:20:19-85
213            android:exported="false"
213-->[com.google.android.gms:play-services-base:18.0.1] AndroidManifest.xml:22:19-43
214            android:theme="@android:style/Theme.Translucent.NoTitleBar" />
214-->[com.google.android.gms:play-services-base:18.0.1] AndroidManifest.xml:21:19-78
215
216        <meta-data
216-->[com.google.android.gms:play-services-basement:18.1.0] AndroidManifest.xml:21:9-23:69
217            android:name="com.google.android.gms.version"
217-->[com.google.android.gms:play-services-basement:18.1.0] AndroidManifest.xml:22:13-58
218            android:value="@integer/google_play_services_version" />
218-->[com.google.android.gms:play-services-basement:18.1.0] AndroidManifest.xml:23:13-66
219
220        <provider
220-->[androidx.emoji2:emoji2:1.2.0] AndroidManifest.xml:24:9-32:20
221            android:name="androidx.startup.InitializationProvider"
221-->[androidx.emoji2:emoji2:1.2.0] AndroidManifest.xml:25:13-67
222            android:authorities="com.example.appbanhangandroidjava.androidx-startup"
222-->[androidx.emoji2:emoji2:1.2.0] AndroidManifest.xml:26:13-68
223            android:exported="false" >
223-->[androidx.emoji2:emoji2:1.2.0] AndroidManifest.xml:27:13-37
224            <meta-data
224-->[androidx.emoji2:emoji2:1.2.0] AndroidManifest.xml:29:13-31:52
225                android:name="androidx.emoji2.text.EmojiCompatInitializer"
225-->[androidx.emoji2:emoji2:1.2.0] AndroidManifest.xml:30:17-75
226                android:value="androidx.startup" />
226-->[androidx.emoji2:emoji2:1.2.0] AndroidManifest.xml:31:17-49
227            <meta-data
227-->[androidx.lifecycle:lifecycle-process:2.4.1] AndroidManifest.xml:31:13-33:52
228                android:name="androidx.lifecycle.ProcessLifecycleInitializer"
228-->[androidx.lifecycle:lifecycle-process:2.4.1] AndroidManifest.xml:32:17-78
229                android:value="androidx.startup" />
229-->[androidx.lifecycle:lifecycle-process:2.4.1] AndroidManifest.xml:33:17-49
230        </provider>
231
232        <service
232-->[com.google.android.datatransport:transport-backend-cct:3.1.8] AndroidManifest.xml:28:9-34:19
233            android:name="com.google.android.datatransport.runtime.backends.TransportBackendDiscovery"
233-->[com.google.android.datatransport:transport-backend-cct:3.1.8] AndroidManifest.xml:29:13-103
234            android:exported="false" >
234-->[com.google.android.datatransport:transport-backend-cct:3.1.8] AndroidManifest.xml:30:13-37
235            <meta-data
235-->[com.google.android.datatransport:transport-backend-cct:3.1.8] AndroidManifest.xml:31:13-33:39
236                android:name="backend:com.google.android.datatransport.cct.CctBackendFactory"
236-->[com.google.android.datatransport:transport-backend-cct:3.1.8] AndroidManifest.xml:32:17-94
237                android:value="cct" />
237-->[com.google.android.datatransport:transport-backend-cct:3.1.8] AndroidManifest.xml:33:17-36
238        </service>
239        <service
239-->[com.google.android.datatransport:transport-runtime:3.1.8] AndroidManifest.xml:26:9-30:19
240            android:name="com.google.android.datatransport.runtime.scheduling.jobscheduling.JobInfoSchedulerService"
240-->[com.google.android.datatransport:transport-runtime:3.1.8] AndroidManifest.xml:27:13-117
241            android:exported="false"
241-->[com.google.android.datatransport:transport-runtime:3.1.8] AndroidManifest.xml:28:13-37
242            android:permission="android.permission.BIND_JOB_SERVICE" >
242-->[com.google.android.datatransport:transport-runtime:3.1.8] AndroidManifest.xml:29:13-69
243        </service>
244
245        <receiver
245-->[com.google.android.datatransport:transport-runtime:3.1.8] AndroidManifest.xml:32:9-34:40
246            android:name="com.google.android.datatransport.runtime.scheduling.jobscheduling.AlarmManagerSchedulerBroadcastReceiver"
246-->[com.google.android.datatransport:transport-runtime:3.1.8] AndroidManifest.xml:33:13-132
247            android:exported="false" />
247-->[com.google.android.datatransport:transport-runtime:3.1.8] AndroidManifest.xml:34:13-37
248    </application>
249
250</manifest>